<?xml version="1.0" encoding="UTF-8"?>
<!-- Generated by org.testng.reporters.JUnitXMLReporter -->
<testsuite ignored="0" hostname="DESKTOP-LBNV72U" failures="0" tests="3" name="Default test" time="60.335" errors="0" timestamp="2025-01-27T15:00:54 IST">
  <testcase classname="com.comcast.crm.orgtest2.CreateOrgTest1" name="createOrgTest1" time="11.148"/>
  <testcase classname="com.comcast.crm.orgtest2.CreateOrgTest1" name="createOrgwithINdtype" time="6.197"/>
  <testcase classname="com.comcast.crm.orgtest2.CreateOrgTest1" name="createorgphn" time="6.575"/>
</testsuite> <!-- Default test -->
