<?xml version="1.0" encoding="UTF-8"?>
<!-- Generated by org.testng.reporters.JUnitXMLReporter -->
<testsuite ignored="2" hostname="DESKTOP-LBNV72U" failures="0" tests="1" name="Test" time="27.545" errors="0" timestamp="2025-01-25T16:05:19 IST">
  <testcase classname="com.comcast.crm.orgtest2.CreateOrgTest1" name="createOrgTest1" time="9.976"/>
  <testcase classname="com.comcast.crm.orgtest2.CreateOrgTest1" name="createorgphn" time="0.0">
    <ignored/>
  </testcase> <!-- createorgphn -->
  <testcase classname="com.comcast.crm.orgtest2.CreateOrgTest1" name="createOrgwithINdtype" time="0.0">
    <ignored/>
  </testcase> <!-- createOrgwithINdtype -->
</testsuite> <!-- Test -->
