<?xml version="1.0" encoding="UTF-8"?>
<testng-results ignored="0" total="1" passed="1" failed="0" skipped="0">
  <reporter-output>
  </reporter-output>
  <suite started-at="2024-12-27T10:01:31 IST" name="Default suite" finished-at="2024-12-27T10:01:38 IST" duration-ms="7219">
    <groups>
    </groups>
    <test started-at="2024-12-27T10:01:31 IST" name="Default test" finished-at="2024-12-27T10:01:38 IST" duration-ms="7219">
      <class name="pojo.P2">
        <test-method signature="login()[pri:0, instance:pojo.P2@3d5c822d]" started-at="2024-12-27T10:01:31 IST" name="login" finished-at="2024-12-27T10:01:38 IST" duration-ms="7157" status="PASS">
          <reporter-output>
          </reporter-output>
        </test-method> <!-- login -->
      </class> <!-- pojo.P2 -->
    </test> <!-- Default test -->
  </suite> <!-- Default suite -->
</testng-results>
