<?xml version="1.0" encoding="UTF-8"?>
<testng-results ignored="0" total="3" passed="3" failed="0" skipped="0">
  <reporter-output>
  </reporter-output>
  <suite started-at="2025-01-27T14:59:53 IST" name="Default suite" finished-at="2025-01-27T15:00:54 IST" duration-ms="60335">
    <groups>
      <group name="regressionTest">
        <method signature="CreateOrgTest1.createOrgwithINdtype()[pri:0, instance:com.comcast.crm.orgtest2.CreateOrgTest1@229f66ed]" name="createOrgwithINdtype" class="com.comcast.crm.orgtest2.CreateOrgTest1"/>
        <method signature="CreateOrgTest1.createorgphn()[pri:0, instance:com.comcast.crm.orgtest2.CreateOrgTest1@229f66ed]" name="createorgphn" class="com.comcast.crm.orgtest2.CreateOrgTest1"/>
      </group> <!-- regressionTest -->
      <group name="smokeTest">
        <method signature="CreateOrgTest1.createOrgTest1()[pri:0, instance:com.comcast.crm.orgtest2.CreateOrgTest1@229f66ed]" name="createOrgTest1" class="com.comcast.crm.orgtest2.CreateOrgTest1"/>
      </group> <!-- smokeTest -->
    </groups>
    <test started-at="2025-01-27T14:59:53 IST" name="Default test" finished-at="2025-01-27T15:00:54 IST" duration-ms="60335">
      <class name="com.comcast.crm.orgtest2.CreateOrgTest1">
        <test-method is-config="true" signature="configBS()[pri:0, instance:com.comcast.crm.orgtest2.CreateOrgTest1@229f66ed]" started-at="2025-01-27T14:59:53 IST" name="configBS" finished-at="2025-01-27T14:59:53 IST" duration-ms="464" status="PASS">
          <reporter-output>
          </reporter-output>
        </test-method> <!-- configBS -->
        <test-method is-config="true" signature="configBC()[pri:0, instance:com.comcast.crm.orgtest2.CreateOrgTest1@229f66ed]" started-at="2025-01-27T14:59:53 IST" name="configBC" finished-at="2025-01-27T14:59:58 IST" duration-ms="5215" status="PASS">
          <reporter-output>
          </reporter-output>
        </test-method> <!-- configBC -->
        <test-method is-config="true" signature="configBM()[pri:0, instance:com.comcast.crm.orgtest2.CreateOrgTest1@229f66ed]" started-at="2025-01-27T14:59:58 IST" name="configBM" finished-at="2025-01-27T15:00:21 IST" duration-ms="22385" status="PASS">
          <reporter-output>
          </reporter-output>
        </test-method> <!-- configBM -->
        <test-method signature="createOrgTest1()[pri:0, instance:com.comcast.crm.orgtest2.CreateOrgTest1@229f66ed]" started-at="2025-01-27T15:00:21 IST" name="createOrgTest1" finished-at="2025-01-27T15:00:32 IST" duration-ms="11148" status="PASS">
          <reporter-output>
          </reporter-output>
        </test-method> <!-- createOrgTest1 -->
        <test-method is-config="true" signature="configAM()[pri:0, instance:com.comcast.crm.orgtest2.CreateOrgTest1@229f66ed]" started-at="2025-01-27T15:00:32 IST" name="configAM" finished-at="2025-01-27T15:00:33 IST" duration-ms="971" status="PASS">
          <reporter-output>
          </reporter-output>
        </test-method> <!-- configAM -->
        <test-method is-config="true" signature="configBM()[pri:0, instance:com.comcast.crm.orgtest2.CreateOrgTest1@229f66ed]" started-at="2025-01-27T15:00:33 IST" name="configBM" finished-at="2025-01-27T15:00:35 IST" duration-ms="2256" status="PASS">
          <reporter-output>
          </reporter-output>
        </test-method> <!-- configBM -->
        <test-method signature="createOrgwithINdtype()[pri:0, instance:com.comcast.crm.orgtest2.CreateOrgTest1@229f66ed]" started-at="2025-01-27T15:00:35 IST" name="createOrgwithINdtype" finished-at="2025-01-27T15:00:41 IST" duration-ms="6197" status="PASS">
          <reporter-output>
          </reporter-output>
        </test-method> <!-- createOrgwithINdtype -->
        <test-method is-config="true" signature="configAM()[pri:0, instance:com.comcast.crm.orgtest2.CreateOrgTest1@229f66ed]" started-at="2025-01-27T15:00:41 IST" name="configAM" finished-at="2025-01-27T15:00:42 IST" duration-ms="949" status="PASS">
          <reporter-output>
          </reporter-output>
        </test-method> <!-- configAM -->
        <test-method is-config="true" signature="configBM()[pri:0, instance:com.comcast.crm.orgtest2.CreateOrgTest1@229f66ed]" started-at="2025-01-27T15:00:42 IST" name="configBM" finished-at="2025-01-27T15:00:45 IST" duration-ms="2514" status="PASS">
          <reporter-output>
          </reporter-output>
        </test-method> <!-- configBM -->
        <test-method signature="createorgphn()[pri:0, instance:com.comcast.crm.orgtest2.CreateOrgTest1@229f66ed]" started-at="2025-01-27T15:00:45 IST" name="createorgphn" finished-at="2025-01-27T15:00:52 IST" duration-ms="6575" status="PASS">
          <reporter-output>
          </reporter-output>
        </test-method> <!-- createorgphn -->
        <test-method is-config="true" signature="configAM()[pri:0, instance:com.comcast.crm.orgtest2.CreateOrgTest1@229f66ed]" started-at="2025-01-27T15:00:52 IST" name="configAM" finished-at="2025-01-27T15:00:52 IST" duration-ms="939" status="PASS">
          <reporter-output>
          </reporter-output>
        </test-method> <!-- configAM -->
        <test-method is-config="true" signature="configAC()[pri:0, instance:com.comcast.crm.orgtest2.CreateOrgTest1@229f66ed]" started-at="2025-01-27T15:00:52 IST" name="configAC" finished-at="2025-01-27T15:00:54 IST" duration-ms="1067" status="PASS">
          <reporter-output>
          </reporter-output>
        </test-method> <!-- configAC -->
        <test-method is-config="true" signature="configAS()[pri:0, instance:com.comcast.crm.orgtest2.CreateOrgTest1@229f66ed]" started-at="2025-01-27T15:00:54 IST" name="configAS" finished-at="2025-01-27T15:00:54 IST" duration-ms="14" status="PASS">
          <reporter-output>
          </reporter-output>
        </test-method> <!-- configAS -->
      </class> <!-- com.comcast.crm.orgtest2.CreateOrgTest1 -->
    </test> <!-- Default test -->
  </suite> <!-- Default suite -->
</testng-results>
